<?xml version="1.0" encoding="UTF-8"?>
<!-- Generated by org.testng.reporters.JUnitReportReporter -->
<testsuite skipped="0" hostname="DESKTOP-CJEETM3" name="a2_bingTest.A1_BingTest" tests="1" failures="0" timestamp="18 Jan 2023 15:46:25 GMT" time="18.329" errors="0">
  <testcase name="verifyGooglePage" time="18.329" classname="a2_bingTest.A1_BingTest"/>
</testsuite> <!-- a2_bingTest.A1_BingTest -->
