<?xml version="1.0" encoding="UTF-8"?>
<!-- Generated by org.testng.reporters.JUnitReportReporter -->
<testsuite skipped="0" hostname="DESKTOP-CJEETM3" name="a1_googleTest.A1_GoogleTest" tests="1" failures="0" timestamp="18 Jan 2023 15:46:25 GMT" time="91.757" errors="0">
  <testcase name="verifyGooglePage" time="91.757" classname="a1_googleTest.A1_GoogleTest"/>
</testsuite> <!-- a1_googleTest.A1_GoogleTest -->
